<?xml version="1.0" encoding="UTF-8" ?>
<testsuite errors="0" failures="0" hostname="AcerS3" name="autograder.NoEffectActionTest" skipped="0" tests="1" time="0.843" timestamp="2017-04-20T09:59:31">
  <properties>
[...]
</properties>
  <testcase classname="autograder.NoEffectActionTest" name="testDigFlagged" time="0.671" />
  <system-out><![CDATA[Created on port 19778
Waiting on port 19778
Accepted client
welcome 3
flag 2 2
dig 2 2
]]></system-out>
  <system-err><![CDATA[]]></system-err>
</testsuite>
